<?xml version="1.0" encoding="UTF-8"?>
<testng-results ignored="0" total="3" passed="2" failed="1" skipped="0">
  <reporter-output>
  </reporter-output>
  <suite started-at="2024-02-07T21:36:57Z" name="Default suite" finished-at="2024-02-07T21:37:24Z" duration-ms="27464">
    <groups>
    </groups>
    <test started-at="2024-02-07T21:36:57Z" name="Default test" finished-at="2024-02-07T21:37:24Z" duration-ms="27464">
      <class name="com.AOS.Runner.AOS_Login_Runner">
        <test-method is-config="true" signature="setup()[pri:0, instance:com.AOS.Runner.AOS_Login_Runner@3403e2ac]" started-at="2024-02-08T03:06:57Z" name="setup" finished-at="2024-02-08T03:06:59Z" duration-ms="2165" status="PASS">
          <reporter-output>
          </reporter-output>
        </test-method> <!-- setup -->
        <test-method is-config="true" signature="openapp()[pri:0, instance:com.AOS.Runner.AOS_Login_Runner@3403e2ac]" started-at="2024-02-08T03:06:59Z" name="openapp" finished-at="2024-02-08T03:07:00Z" duration-ms="934" status="PASS">
          <reporter-output>
          </reporter-output>
        </test-method> <!-- openapp -->
        <test-method signature="testLogin(java.lang.String, java.lang.String)[pri:0, instance:com.AOS.Runner.AOS_Login_Runner@3403e2ac]" started-at="2024-02-08T03:07:00Z" name="testLogin" data-provider="login" finished-at="2024-02-08T03:07:01Z" duration-ms="1337" status="PASS">
          <params>
            <param index="0">
              <value>
                <![CDATA[testhem@gmail.com]]>
              </value>
            </param>
            <param index="1">
              <value>
                <![CDATA[test@123]]>
              </value>
            </param>
          </params>
          <reporter-output>
          </reporter-output>
        </test-method> <!-- testLogin -->
        <test-method is-config="true" signature="closeapp(org.testng.ITestResult)[pri:0, instance:com.AOS.Runner.AOS_Login_Runner@3403e2ac]" started-at="2024-02-08T03:07:01Z" name="closeapp" finished-at="2024-02-08T03:07:01Z" duration-ms="48" status="PASS">
          <params>
            <param index="0">
              <value>
                <![CDATA[[TestResult name=testLogin status=SUCCESS method=AOS_Login_Runner.testLogin(java.lang.String, java.lang.String)[pri:0, instance:com.AOS.Runner.AOS_Login_Runner@3403e2ac] output={null}]]]>
              </value>
            </param>
          </params>
          <reporter-output>
          </reporter-output>
        </test-method> <!-- closeapp -->
        <test-method is-config="true" signature="openapp()[pri:0, instance:com.AOS.Runner.AOS_Login_Runner@3403e2ac]" started-at="2024-02-08T03:07:01Z" name="openapp" finished-at="2024-02-08T03:07:01Z" duration-ms="248" status="PASS">
          <reporter-output>
          </reporter-output>
        </test-method> <!-- openapp -->
        <test-method signature="testLogin(java.lang.String, java.lang.String)[pri:0, instance:com.AOS.Runner.AOS_Login_Runner@3403e2ac]" started-at="2024-02-08T03:07:01Z" name="testLogin" data-provider="login" finished-at="2024-02-08T03:07:22Z" duration-ms="20743" status="FAIL">
          <params>
            <param index="0">
              <value>
                <![CDATA[ladarius20@gmail.com]]>
              </value>
            </param>
            <param index="1">
              <value>
                <![CDATA[uxwol1wjpr]]>
              </value>
            </param>
          </params>
          <exception class="org.openqa.selenium.NoSuchElementException">
            <message>
              <![CDATA[no such element: Unable to locate element: {"method":"xpath","selector":"//i[@class='icon-user fa']/..//span[contains(text(),'')]"}
  (Session info: chrome=121.0.6167.140)
For documentation on this error, please visit: https://www.seleniumhq.org/exceptions/no_such_element.html
Build info: version: '3.141.59', revision: 'e82be7d358', time: '2018-11-14T08:17:03'
System info: host: 'HEMANTH', ip: '192.168.0.103', os.name: 'Windows 11', os.arch: 'amd64', os.version: '10.0', java.version: '17.0.10'
Driver info: org.openqa.selenium.chrome.ChromeDriver
Capabilities {acceptInsecureCerts: false, browserName: chrome, browserVersion: 121.0.6167.140, chrome: {chromedriverVersion: 121.0.6167.85 (3f98d690ad7e..., userDataDir: C:\Users\heman\AppData\Loca...}, fedcm:accounts: true, goog:chromeOptions: {debuggerAddress: localhost:53364}, javascriptEnabled: true, networkConnectionEnabled: false, pageLoadStrategy: normal, platform: WINDOWS, platformName: WINDOWS, proxy: Proxy(), setWindowRect: true, strictFileInteractability: false, timeouts: {implicit: 0, pageLoad: 300000, script: 30000}, unhandledPromptBehavior: dismiss and notify, webauthn:extension:credBlob: true, webauthn:extension:largeBlob: true, webauthn:extension:minPinLength: true, webauthn:extension:prf: true, webauthn:virtualAuthenticators: true}
Session ID: d78a86ff6995111d9a04cb264c2866d6
*** Element info: {Using=xpath, value=//i[@class='icon-user fa']/..//span[contains(text(),'')]}]]>
            </message>
            <full-stacktrace>
              <![CDATA[org.openqa.selenium.NoSuchElementException: no such element: Unable to locate element: {"method":"xpath","selector":"//i[@class='icon-user fa']/..//span[contains(text(),'')]"}
  (Session info: chrome=121.0.6167.140)
For documentation on this error, please visit: https://www.seleniumhq.org/exceptions/no_such_element.html
Build info: version: '3.141.59', revision: 'e82be7d358', time: '2018-11-14T08:17:03'
System info: host: 'HEMANTH', ip: '192.168.0.103', os.name: 'Windows 11', os.arch: 'amd64', os.version: '10.0', java.version: '17.0.10'
Driver info: org.openqa.selenium.chrome.ChromeDriver
Capabilities {acceptInsecureCerts: false, browserName: chrome, browserVersion: 121.0.6167.140, chrome: {chromedriverVersion: 121.0.6167.85 (3f98d690ad7e..., userDataDir: C:\Users\heman\AppData\Loca...}, fedcm:accounts: true, goog:chromeOptions: {debuggerAddress: localhost:53364}, javascriptEnabled: true, networkConnectionEnabled: false, pageLoadStrategy: normal, platform: WINDOWS, platformName: WINDOWS, proxy: Proxy(), setWindowRect: true, strictFileInteractability: false, timeouts: {implicit: 0, pageLoad: 300000, script: 30000}, unhandledPromptBehavior: dismiss and notify, webauthn:extension:credBlob: true, webauthn:extension:largeBlob: true, webauthn:extension:minPinLength: true, webauthn:extension:prf: true, webauthn:virtualAuthenticators: true}
Session ID: d78a86ff6995111d9a04cb264c2866d6
*** Element info: {Using=xpath, value=//i[@class='icon-user fa']/..//span[contains(text(),'')]}
	at java.base/jdk.internal.reflect.NativeConstructorAccessorImpl.newInstance0(Native Method)
	at java.base/jdk.internal.reflect.NativeConstructorAccessorImpl.newInstance(NativeConstructorAccessorImpl.java:77)
	at java.base/jdk.internal.reflect.DelegatingConstructorAccessorImpl.newInstance(DelegatingConstructorAccessorImpl.java:45)
	at java.base/java.lang.reflect.Constructor.newInstanceWithCaller(Constructor.java:499)
	at java.base/java.lang.reflect.Constructor.newInstance(Constructor.java:480)
	at org.openqa.selenium.remote.http.W3CHttpResponseCodec.createException(W3CHttpResponseCodec.java:187)
	at org.openqa.selenium.remote.http.W3CHttpResponseCodec.decode(W3CHttpResponseCodec.java:122)
	at org.openqa.selenium.remote.http.W3CHttpResponseCodec.decode(W3CHttpResponseCodec.java:49)
	at org.openqa.selenium.remote.HttpCommandExecutor.execute(HttpCommandExecutor.java:158)
	at org.openqa.selenium.remote.service.DriverCommandExecutor.execute(DriverCommandExecutor.java:83)
	at org.openqa.selenium.remote.RemoteWebDriver.execute(RemoteWebDriver.java:552)
	at org.openqa.selenium.remote.RemoteWebDriver.findElement(RemoteWebDriver.java:323)
	at org.openqa.selenium.remote.RemoteWebDriver.findElementByXPath(RemoteWebDriver.java:428)
	at org.openqa.selenium.By$ByXPath.findElement(By.java:353)
	at org.openqa.selenium.remote.RemoteWebDriver.findElement(RemoteWebDriver.java:315)
	at com.AOS.Runner.AOS_Login_Runner.testLogin(AOS_Login_Runner.java:20)
	at java.base/jdk.internal.reflect.NativeMethodAccessorImpl.invoke0(Native Method)
	at java.base/jdk.internal.reflect.NativeMethodAccessorImpl.invoke(NativeMethodAccessorImpl.java:77)
	at java.base/jdk.internal.reflect.DelegatingMethodAccessorImpl.invoke(DelegatingMethodAccessorImpl.java:43)
	at java.base/java.lang.reflect.Method.invoke(Method.java:568)
	at org.testng.internal.MethodInvocationHelper.invokeMethod(MethodInvocationHelper.java:108)
	at org.testng.internal.Invoker.invokeMethod(Invoker.java:661)
	at org.testng.internal.Invoker.invokeTestMethod(Invoker.java:869)
	at org.testng.internal.Invoker.invokeTestMethods(Invoker.java:1193)
	at org.testng.internal.TestMethodWorker.invokeTestMethods(TestMethodWorker.java:126)
	at org.testng.internal.TestMethodWorker.run(TestMethodWorker.java:109)
	at org.testng.TestRunner.privateRun(TestRunner.java:744)
	at org.testng.TestRunner.run(TestRunner.java:602)
	at org.testng.SuiteRunner.runTest(SuiteRunner.java:380)
	at org.testng.SuiteRunner.runSequentially(SuiteRunner.java:375)
	at org.testng.SuiteRunner.privateRun(SuiteRunner.java:340)
	at org.testng.SuiteRunner.run(SuiteRunner.java:289)
	at org.testng.SuiteRunnerWorker.runSuite(SuiteRunnerWorker.java:52)
	at org.testng.SuiteRunnerWorker.run(SuiteRunnerWorker.java:86)
	at org.testng.TestNG.runSuitesSequentially(TestNG.java:1301)
	at org.testng.TestNG.runSuitesLocally(TestNG.java:1226)
	at org.testng.TestNG.runSuites(TestNG.java:1144)
	at org.testng.TestNG.run(TestNG.java:1115)
	at org.testng.remote.AbstractRemoteTestNG.run(AbstractRemoteTestNG.java:115)
	at org.testng.remote.RemoteTestNG.initAndRun(RemoteTestNG.java:251)
	at org.testng.remote.RemoteTestNG.main(RemoteTestNG.java:77)
]]>
            </full-stacktrace>
          </exception> <!-- org.openqa.selenium.NoSuchElementException -->
          <reporter-output>
          </reporter-output>
        </test-method> <!-- testLogin -->
        <test-method is-config="true" signature="closeapp(org.testng.ITestResult)[pri:0, instance:com.AOS.Runner.AOS_Login_Runner@3403e2ac]" started-at="2024-02-08T03:07:22Z" name="closeapp" finished-at="2024-02-08T03:07:23Z" duration-ms="279" status="PASS">
          <params>
            <param index="0">
              <value>
                <![CDATA[[TestResult name=testLogin status=FAILURE method=AOS_Login_Runner.testLogin(java.lang.String, java.lang.String)[pri:0, instance:com.AOS.Runner.AOS_Login_Runner@3403e2ac] output={null}]]]>
              </value>
            </param>
          </params>
          <reporter-output>
          </reporter-output>
        </test-method> <!-- closeapp -->
        <test-method is-config="true" signature="openapp()[pri:0, instance:com.AOS.Runner.AOS_Login_Runner@3403e2ac]" started-at="2024-02-08T03:07:23Z" name="openapp" finished-at="2024-02-08T03:07:23Z" duration-ms="362" status="PASS">
          <reporter-output>
          </reporter-output>
        </test-method> <!-- openapp -->
        <test-method signature="testLogin(java.lang.String, java.lang.String)[pri:0, instance:com.AOS.Runner.AOS_Login_Runner@3403e2ac]" started-at="2024-02-08T03:07:23Z" name="testLogin" data-provider="login" finished-at="2024-02-08T03:07:24Z" duration-ms="957" status="PASS">
          <params>
            <param index="0">
              <value>
                <![CDATA[Gaani143@gmail.com]]>
              </value>
            </param>
            <param index="1">
              <value>
                <![CDATA[Gaani@143]]>
              </value>
            </param>
          </params>
          <reporter-output>
          </reporter-output>
        </test-method> <!-- testLogin -->
        <test-method is-config="true" signature="closeapp(org.testng.ITestResult)[pri:0, instance:com.AOS.Runner.AOS_Login_Runner@3403e2ac]" started-at="2024-02-08T03:07:24Z" name="closeapp" finished-at="2024-02-08T03:07:24Z" duration-ms="35" status="PASS">
          <params>
            <param index="0">
              <value>
                <![CDATA[[TestResult name=testLogin status=SUCCESS method=AOS_Login_Runner.testLogin(java.lang.String, java.lang.String)[pri:0, instance:com.AOS.Runner.AOS_Login_Runner@3403e2ac] output={null}]]]>
              </value>
            </param>
          </params>
          <reporter-output>
          </reporter-output>
        </test-method> <!-- closeapp -->
        <test-method is-config="true" signature="closeapp()[pri:0, instance:com.AOS.Runner.AOS_Login_Runner@3403e2ac]" started-at="2024-02-08T03:07:24Z" name="closeapp" finished-at="2024-02-08T03:07:24Z" duration-ms="312" status="PASS">
          <reporter-output>
          </reporter-output>
        </test-method> <!-- closeapp -->
      </class> <!-- com.AOS.Runner.AOS_Login_Runner -->
    </test> <!-- Default test -->
  </suite> <!-- Default suite -->
</testng-results>
